Time resolution is 1 ps


Start of Stimulus


{gn, an} = 0, 0		{a1, b2} = 0, 0		{a2, b2} = 0, 0
{gn, an} = 0, 0		{a1, b2} = 0, 0		{a2, b2} = 0, 1
{gn, an} = 0, 0		{a1, b2} = 0, 0		{a2, b2} = 1, 0
{gn, an} = 0, 0		{a1, b2} = 0, 0		{a2, b2} = 1, 1
{gn, an} = 0, 0		{a1, b2} = 0, 1		{a2, b2} = 0, 0
{gn, an} = 0, 0		{a1, b2} = 0, 1		{a2, b2} = 0, 1
{gn, an} = 0, 0		{a1, b2} = 0, 1		{a2, b2} = 1, 0
{gn, an} = 0, 0		{a1, b2} = 0, 1		{a2, b2} = 1, 1
{gn, an} = 0, 0		{a1, b2} = 1, 0		{a2, b2} = 0, 0
{gn, an} = 0, 0		{a1, b2} = 1, 0		{a2, b2} = 0, 1
{gn, an} = 0, 0		{a1, b2} = 1, 0		{a2, b2} = 1, 0
{gn, an} = 0, 0		{a1, b2} = 1, 0		{a2, b2} = 1, 1
{gn, an} = 0, 0		{a1, b2} = 1, 1		{a2, b2} = 0, 0
{gn, an} = 0, 0		{a1, b2} = 1, 1		{a2, b2} = 0, 1
{gn, an} = 0, 0		{a1, b2} = 1, 1		{a2, b2} = 1, 0
{gn, an} = 0, 0		{a1, b2} = 1, 1		{a2, b2} = 1, 1
{gn, an} = 0, 1		{a1, b2} = 0, 0		{a2, b2} = 0, 0
{gn, an} = 0, 1		{a1, b2} = 0, 0		{a2, b2} = 0, 1
{gn, an} = 0, 1		{a1, b2} = 0, 0		{a2, b2} = 1, 0
{gn, an} = 0, 1		{a1, b2} = 0, 0		{a2, b2} = 1, 1
{gn, an} = 0, 1		{a1, b2} = 0, 1		{a2, b2} = 0, 0
{gn, an} = 0, 1		{a1, b2} = 0, 1		{a2, b2} = 0, 1
{gn, an} = 0, 1		{a1, b2} = 0, 1		{a2, b2} = 1, 0
{gn, an} = 0, 1		{a1, b2} = 0, 1		{a2, b2} = 1, 1
{gn, an} = 0, 1		{a1, b2} = 1, 0		{a2, b2} = 0, 0
{gn, an} = 0, 1		{a1, b2} = 1, 0		{a2, b2} = 0, 1
{gn, an} = 0, 1		{a1, b2} = 1, 0		{a2, b2} = 1, 0
{gn, an} = 0, 1		{a1, b2} = 1, 0		{a2, b2} = 1, 1
{gn, an} = 0, 1		{a1, b2} = 1, 1		{a2, b2} = 0, 0
{gn, an} = 0, 1		{a1, b2} = 1, 1		{a2, b2} = 0, 1
{gn, an} = 0, 1		{a1, b2} = 1, 1		{a2, b2} = 1, 0
{gn, an} = 0, 1		{a1, b2} = 1, 1		{a2, b2} = 1, 1
{gn, an} = 1, 0		{a1, b2} = 0, 0		{a2, b2} = 0, 0
{gn, an} = 1, 0		{a1, b2} = 0, 0		{a2, b2} = 0, 1
{gn, an} = 1, 0		{a1, b2} = 0, 0		{a2, b2} = 1, 0
{gn, an} = 1, 0		{a1, b2} = 0, 0		{a2, b2} = 1, 1
{gn, an} = 1, 0		{a1, b2} = 0, 1		{a2, b2} = 0, 0
{gn, an} = 1, 0		{a1, b2} = 0, 1		{a2, b2} = 0, 1
{gn, an} = 1, 0		{a1, b2} = 0, 1		{a2, b2} = 1, 0
{gn, an} = 1, 0		{a1, b2} = 0, 1		{a2, b2} = 1, 1
{gn, an} = 1, 0		{a1, b2} = 1, 0		{a2, b2} = 0, 0
{gn, an} = 1, 0		{a1, b2} = 1, 0		{a2, b2} = 0, 1
{gn, an} = 1, 0		{a1, b2} = 1, 0		{a2, b2} = 1, 0
{gn, an} = 1, 0		{a1, b2} = 1, 0		{a2, b2} = 1, 1
{gn, an} = 1, 0		{a1, b2} = 1, 1		{a2, b2} = 0, 0
{gn, an} = 1, 0		{a1, b2} = 1, 1		{a2, b2} = 0, 1
{gn, an} = 1, 0		{a1, b2} = 1, 1		{a2, b2} = 1, 0
{gn, an} = 1, 0		{a1, b2} = 1, 1		{a2, b2} = 1, 1
{gn, an} = 1, 1		{a1, b2} = 0, 0		{a2, b2} = 0, 0
{gn, an} = 1, 1		{a1, b2} = 0, 0		{a2, b2} = 0, 1
{gn, an} = 1, 1		{a1, b2} = 0, 0		{a2, b2} = 1, 0
{gn, an} = 1, 1		{a1, b2} = 0, 0		{a2, b2} = 1, 1
{gn, an} = 1, 1		{a1, b2} = 0, 1		{a2, b2} = 0, 0
{gn, an} = 1, 1		{a1, b2} = 0, 1		{a2, b2} = 0, 1
{gn, an} = 1, 1		{a1, b2} = 0, 1		{a2, b2} = 1, 0
{gn, an} = 1, 1		{a1, b2} = 0, 1		{a2, b2} = 1, 1
{gn, an} = 1, 1		{a1, b2} = 1, 0		{a2, b2} = 0, 0
{gn, an} = 1, 1		{a1, b2} = 1, 0		{a2, b2} = 0, 1
{gn, an} = 1, 1		{a1, b2} = 1, 0		{a2, b2} = 1, 0
{gn, an} = 1, 1		{a1, b2} = 1, 0		{a2, b2} = 1, 1
{gn, an} = 1, 1		{a1, b2} = 1, 1		{a2, b2} = 0, 0
{gn, an} = 1, 1		{a1, b2} = 1, 1		{a2, b2} = 0, 1
{gn, an} = 1, 1		{a1, b2} = 1, 1		{a2, b2} = 1, 0
{gn, an} = 1, 1		{a1, b2} = 1, 1		{a2, b2} = 1, 1

End of Stimulus


$finish called at time : 640 ns : File "C:/Users/Jason/Documents/Vivado/Verilog/Lab06/Lab06.srcs/sources_1/new/dual2line_to_1line_TB.sv" Line 48
