Time resolution is 1 ps


Start of Stimulus


Success!	Scalar: Gray Code = 0000		Binary Code = 0000
Success!	Vector: Gray Code = 0000		Binary Code = 0000

Success!	Scalar: Gray Code = 0001		Binary Code = 0001
Success!	Vector: Gray Code = 0001		Binary Code = 0001

Success!	Scalar: Gray Code = 0010		Binary Code = 0011
Success!	Vector: Gray Code = 0010		Binary Code = 0011

Success!	Scalar: Gray Code = 0011		Binary Code = 0010
Success!	Vector: Gray Code = 0011		Binary Code = 0010

Success!	Scalar: Gray Code = 0100		Binary Code = 0111
Success!	Vector: Gray Code = 0100		Binary Code = 0111

Success!	Scalar: Gray Code = 0101		Binary Code = 0110
Success!	Vector: Gray Code = 0101		Binary Code = 0110

Success!	Scalar: Gray Code = 0110		Binary Code = 0100
Success!	Vector: Gray Code = 0110		Binary Code = 0100

Success!	Scalar: Gray Code = 0111		Binary Code = 0101
Success!	Vector: Gray Code = 0111		Binary Code = 0101

Success!	Scalar: Gray Code = 1000		Binary Code = 1111
Success!	Vector: Gray Code = 1000		Binary Code = 1111

Success!	Scalar: Gray Code = 1001		Binary Code = 1110
Success!	Vector: Gray Code = 1001		Binary Code = 1110

Success!	Scalar: Gray Code = 1010		Binary Code = 1100
Success!	Vector: Gray Code = 1010		Binary Code = 1100

Success!	Scalar: Gray Code = 1011		Binary Code = 1101
Success!	Vector: Gray Code = 1011		Binary Code = 1101

Success!	Scalar: Gray Code = 1100		Binary Code = 1000
Success!	Vector: Gray Code = 1100		Binary Code = 1000

Success!	Scalar: Gray Code = 1101		Binary Code = 1001
Success!	Vector: Gray Code = 1101		Binary Code = 1001

Success!	Scalar: Gray Code = 1110		Binary Code = 1011
Success!	Vector: Gray Code = 1110		Binary Code = 1011

Success!	Scalar: Gray Code = 1111		Binary Code = 1010
Success!	Vector: Gray Code = 1111		Binary Code = 1010



End of Stimulus


$finish called at time : 160 ns : File "C:/Users/Jason/Documents/Vivado/Verilog/Lab05/Lab05.srcs/sources_1/new/gray_to_bcd_TB.sv" Line 68
